This file contains any messages produced by compilers while
running configure, to aid debugging if configure makes a mistake.

It was created by libgfeed configure 0.1.1, which was
generated by GNU Autoconf 2.60a.  Invocation command line was

  $ ./configure 

## --------- ##
## Platform. ##
## --------- ##

hostname = kite
uname -m = i686
uname -r = 2.6.37.6-smp
uname -s = Linux
uname -v = #2 SMP Sat Apr 9 23:39:07 CDT 2011

/usr/bin/uname -p = Intel(R) Core(TM)2 Duo CPU     T9400  @ 2.53GHz
/bin/uname -X     = unknown

/bin/arch              = i686
/usr/bin/arch -k       = unknown
/usr/convex/getsysinfo = unknown
/usr/bin/hostinfo      = unknown
/bin/machine           = unknown
/usr/bin/oslevel       = unknown
/bin/universe          = unknown

PATH: /usr/local/sbin
PATH: /usr/sbin
PATH: /sbin
PATH: /usr/local/bin
PATH: /usr/bin
PATH: /bin
PATH: /usr/games
PATH: /usr/lib/java/bin
PATH: /usr/lib/kde4/libexec
PATH: /usr/lib/qt/bin
PATH: /usr/share/texmf/bin


## ----------- ##
## Core tests. ##
## ----------- ##

configure:1993: checking for a BSD-compatible install
configure:2049: result: /usr/bin/ginstall -c
configure:2060: checking whether build environment is sane
configure:2103: result: yes
configure:2168: checking for gawk
configure:2184: found /usr/bin/gawk
configure:2195: result: gawk
configure:2206: checking whether make sets $(MAKE)
configure:2227: result: yes
configure:2411: checking whether to enable maintainer-specific portions of Makefiles
configure:2420: result: no
configure:2444: checking build system type
configure:2462: result: i686-pc-linux-gnu
configure:2484: checking host system type
configure:2499: result: i686-pc-linux-gnu
configure:2521: checking target system type
configure:2536: result: i686-pc-linux-gnu
configure:2614: checking for gcc
configure:2630: found /usr/bin/gcc
configure:2641: result: gcc
configure:2879: checking for C compiler version
configure:2886: gcc --version >&5
gcc (GCC) 4.5.2
Copyright (C) 2010 Free Software Foundation, Inc.
This is free software; see the source for copying conditions.  There is NO
warranty; not even for MERCHANTABILITY or FITNESS FOR A PARTICULAR PURPOSE.

configure:2889: $? = 0
configure:2896: gcc -v >&5
Reading specs from /usr/lib/gcc/i486-slackware-linux/4.5.2/specs
COLLECT_GCC=gcc
COLLECT_LTO_WRAPPER=/usr/libexec/gcc/i486-slackware-linux/4.5.2/lto-wrapper
Target: i486-slackware-linux
Configured with: ../gcc-4.5.2/configure --prefix=/usr --libdir=/usr/lib --mandir=/usr/man --infodir=/usr/info --enable-shared --enable-bootstrap --enable-languages=ada,c,c++,fortran,java,objc,lto --enable-threads=posix --enable-checking=release --with-system-zlib --with-python-dir=/lib/python2.6/site-packages --disable-libunwind-exceptions --enable-__cxa_atexit --enable-libssp --enable-lto --with-gnu-ld --verbose --with-arch=i486 --target=i486-slackware-linux --build=i486-slackware-linux --host=i486-slackware-linux
Thread model: posix
gcc version 4.5.2 (GCC) 
configure:2899: $? = 0
configure:2906: gcc -V >&5
gcc: '-V' option must have argument
configure:2909: $? = 1
configure:2932: checking for C compiler default output file name
configure:2959: gcc    conftest.c  >&5
configure:2962: $? = 0
configure:3000: result: a.out
configure:3017: checking whether the C compiler works
configure:3027: ./a.out
configure:3030: $? = 0
configure:3047: result: yes
configure:3054: checking whether we are cross compiling
configure:3056: result: no
configure:3059: checking for suffix of executables
configure:3066: gcc -o conftest    conftest.c  >&5
configure:3069: $? = 0
configure:3093: result: 
configure:3099: checking for suffix of object files
configure:3125: gcc -c   conftest.c >&5
configure:3128: $? = 0
configure:3151: result: o
configure:3155: checking whether we are using the GNU C compiler
configure:3184: gcc -c   conftest.c >&5
configure:3190: $? = 0
configure:3197: test -z "$ac_c_werror_flag" || test ! -s conftest.err
configure:3200: $? = 0
configure:3207: test -s conftest.o
configure:3210: $? = 0
configure:3224: result: yes
configure:3229: checking whether gcc accepts -g
configure:3259: gcc -c -g  conftest.c >&5
configure:3265: $? = 0
configure:3272: test -z "$ac_c_werror_flag" || test ! -s conftest.err
configure:3275: $? = 0
configure:3282: test -s conftest.o
configure:3285: $? = 0
configure:3415: result: yes
configure:3432: checking for gcc option to accept ISO C89
configure:3506: gcc  -c -g -O2  conftest.c >&5
configure:3512: $? = 0
configure:3519: test -z "$ac_c_werror_flag" || test ! -s conftest.err
configure:3522: $? = 0
configure:3529: test -s conftest.o
configure:3532: $? = 0
configure:3552: result: none needed
configure:3581: checking for style of include used by make
configure:3609: result: GNU
configure:3637: checking dependency style of gcc
configure:3727: result: gcc3
configure:3802: checking for g++
configure:3818: found /usr/bin/g++
configure:3829: result: g++
configure:3860: checking for C++ compiler version
configure:3867: g++ --version >&5
g++ (GCC) 4.5.2
Copyright (C) 2010 Free Software Foundation, Inc.
This is free software; see the source for copying conditions.  There is NO
warranty; not even for MERCHANTABILITY or FITNESS FOR A PARTICULAR PURPOSE.

configure:3870: $? = 0
configure:3877: g++ -v >&5
Reading specs from /usr/lib/gcc/i486-slackware-linux/4.5.2/specs
COLLECT_GCC=g++
COLLECT_LTO_WRAPPER=/usr/libexec/gcc/i486-slackware-linux/4.5.2/lto-wrapper
Target: i486-slackware-linux
Configured with: ../gcc-4.5.2/configure --prefix=/usr --libdir=/usr/lib --mandir=/usr/man --infodir=/usr/info --enable-shared --enable-bootstrap --enable-languages=ada,c,c++,fortran,java,objc,lto --enable-threads=posix --enable-checking=release --with-system-zlib --with-python-dir=/lib/python2.6/site-packages --disable-libunwind-exceptions --enable-__cxa_atexit --enable-libssp --enable-lto --with-gnu-ld --verbose --with-arch=i486 --target=i486-slackware-linux --build=i486-slackware-linux --host=i486-slackware-linux
Thread model: posix
gcc version 4.5.2 (GCC) 
configure:3880: $? = 0
configure:3887: g++ -V >&5
g++: '-V' option must have argument
configure:3890: $? = 1
configure:3893: checking whether we are using the GNU C++ compiler
configure:3922: g++ -c   conftest.cpp >&5
configure:3928: $? = 0
configure:3935: test -z "$ac_cxx_werror_flag" || test ! -s conftest.err
configure:3938: $? = 0
configure:3945: test -s conftest.o
configure:3948: $? = 0
configure:3962: result: yes
configure:3967: checking whether g++ accepts -g
configure:3997: g++ -c -g  conftest.cpp >&5
configure:4003: $? = 0
configure:4010: test -z "$ac_cxx_werror_flag" || test ! -s conftest.err
configure:4013: $? = 0
configure:4020: test -s conftest.o
configure:4023: $? = 0
configure:4153: result: yes
configure:4178: checking dependency style of g++
configure:4268: result: gcc3
configure:4290: checking how to run the C preprocessor
configure:4330: gcc -E  conftest.c
configure:4336: $? = 0
configure:4374: gcc -E  conftest.c
conftest.c:10:28: fatal error: ac_nonexistent.h: No such file or directory
compilation terminated.
configure:4380: $? = 1
configure: failed program was:
| /* confdefs.h.  */
| #define PACKAGE_NAME "libgfeed"
| #define PACKAGE_TARNAME "libgfeed"
| #define PACKAGE_VERSION "0.1.1"
| #define PACKAGE_STRING "libgfeed 0.1.1"
| #define PACKAGE_BUGREPORT "azagli@inwind.it"
| #define PACKAGE "libgfeed"
| #define VERSION "0.1.1"
| /* end confdefs.h.  */
| #include <ac_nonexistent.h>
configure:4420: result: gcc -E
configure:4449: gcc -E  conftest.c
configure:4455: $? = 0
configure:4493: gcc -E  conftest.c
conftest.c:10:28: fatal error: ac_nonexistent.h: No such file or directory
compilation terminated.
configure:4499: $? = 1
configure: failed program was:
| /* confdefs.h.  */
| #define PACKAGE_NAME "libgfeed"
| #define PACKAGE_TARNAME "libgfeed"
| #define PACKAGE_VERSION "0.1.1"
| #define PACKAGE_STRING "libgfeed 0.1.1"
| #define PACKAGE_BUGREPORT "azagli@inwind.it"
| #define PACKAGE "libgfeed"
| #define VERSION "0.1.1"
| /* end confdefs.h.  */
| #include <ac_nonexistent.h>
configure:4556: checking for a BSD-compatible install
configure:4612: result: /usr/bin/ginstall -c
configure:4623: checking whether ln -s works
configure:4627: result: yes
configure:4634: checking whether make sets $(MAKE)
configure:4655: result: yes
configure:4736: checking for a sed that does not truncate output
configure:4790: result: /usr/bin/sed
configure:4793: checking for grep that handles long lines and -e
configure:4867: result: /usr/bin/grep
configure:4872: checking for egrep
configure:4950: result: /usr/bin/grep -E
configure:4966: checking for ld used by gcc
configure:5033: result: /usr/i486-slackware-linux/bin/ld
configure:5042: checking if the linker (/usr/i486-slackware-linux/bin/ld) is GNU ld
configure:5057: result: yes
configure:5062: checking for /usr/i486-slackware-linux/bin/ld option to reload object files
configure:5069: result: -r
configure:5087: checking for BSD-compatible nm
configure:5136: result: /usr/bin/nm -B
configure:5140: checking how to recognise dependent libraries
configure:5316: result: pass_all
configure:5852: checking for ANSI C header files
configure:5882: gcc -c -g -O2  conftest.c >&5
configure:5888: $? = 0
configure:5895: test -z "$ac_c_werror_flag" || test ! -s conftest.err
configure:5898: $? = 0
configure:5905: test -s conftest.o
configure:5908: $? = 0
configure:6004: gcc -o conftest -g -O2   conftest.c  >&5
configure:6007: $? = 0
configure:6013: ./conftest
configure:6016: $? = 0
configure:6033: result: yes
configure:6057: checking for sys/types.h
configure:6078: gcc -c -g -O2  conftest.c >&5
configure:6084: $? = 0
configure:6091: test -z "$ac_c_werror_flag" || test ! -s conftest.err
configure:6094: $? = 0
configure:6101: test -s conftest.o
configure:6104: $? = 0
configure:6117: result: yes
configure:6057: checking for sys/stat.h
configure:6078: gcc -c -g -O2  conftest.c >&5
configure:6084: $? = 0
configure:6091: test -z "$ac_c_werror_flag" || test ! -s conftest.err
configure:6094: $? = 0
configure:6101: test -s conftest.o
configure:6104: $? = 0
configure:6117: result: yes
configure:6057: checking for stdlib.h
configure:6078: gcc -c -g -O2  conftest.c >&5
configure:6084: $? = 0
configure:6091: test -z "$ac_c_werror_flag" || test ! -s conftest.err
configure:6094: $? = 0
configure:6101: test -s conftest.o
configure:6104: $? = 0
configure:6117: result: yes
configure:6057: checking for string.h
configure:6078: gcc -c -g -O2  conftest.c >&5
configure:6084: $? = 0
configure:6091: test -z "$ac_c_werror_flag" || test ! -s conftest.err
configure:6094: $? = 0
configure:6101: test -s conftest.o
configure:6104: $? = 0
configure:6117: result: yes
configure:6057: checking for memory.h
configure:6078: gcc -c -g -O2  conftest.c >&5
configure:6084: $? = 0
configure:6091: test -z "$ac_c_werror_flag" || test ! -s conftest.err
configure:6094: $? = 0
configure:6101: test -s conftest.o
configure:6104: $? = 0
configure:6117: result: yes
configure:6057: checking for strings.h
configure:6078: gcc -c -g -O2  conftest.c >&5
configure:6084: $? = 0
configure:6091: test -z "$ac_c_werror_flag" || test ! -s conftest.err
configure:6094: $? = 0
configure:6101: test -s conftest.o
configure:6104: $? = 0
configure:6117: result: yes
configure:6057: checking for inttypes.h
configure:6078: gcc -c -g -O2  conftest.c >&5
configure:6084: $? = 0
configure:6091: test -z "$ac_c_werror_flag" || test ! -s conftest.err
configure:6094: $? = 0
configure:6101: test -s conftest.o
configure:6104: $? = 0
configure:6117: result: yes
configure:6057: checking for stdint.h
configure:6078: gcc -c -g -O2  conftest.c >&5
configure:6084: $? = 0
configure:6091: test -z "$ac_c_werror_flag" || test ! -s conftest.err
configure:6094: $? = 0
configure:6101: test -s conftest.o
configure:6104: $? = 0
configure:6117: result: yes
configure:6057: checking for unistd.h
configure:6078: gcc -c -g -O2  conftest.c >&5
configure:6084: $? = 0
configure:6091: test -z "$ac_c_werror_flag" || test ! -s conftest.err
configure:6094: $? = 0
configure:6101: test -s conftest.o
configure:6104: $? = 0
configure:6117: result: yes
configure:6144: checking dlfcn.h usability
configure:6161: gcc -c -g -O2  conftest.c >&5
configure:6167: $? = 0
configure:6174: test -z "$ac_c_werror_flag" || test ! -s conftest.err
configure:6177: $? = 0
configure:6184: test -s conftest.o
configure:6187: $? = 0
configure:6198: result: yes
configure:6202: checking dlfcn.h presence
configure:6217: gcc -E  conftest.c
configure:6223: $? = 0
configure:6244: result: yes
configure:6277: checking for dlfcn.h
configure:6285: result: yes
configure:6308: checking how to run the C++ preprocessor
configure:6344: g++ -E  conftest.cpp
configure:6350: $? = 0
configure:6388: g++ -E  conftest.cpp
conftest.cpp:21:28: fatal error: ac_nonexistent.h: No such file or directory
compilation terminated.
configure:6394: $? = 1
configure: failed program was:
| /* confdefs.h.  */
| #define PACKAGE_NAME "libgfeed"
| #define PACKAGE_TARNAME "libgfeed"
| #define PACKAGE_VERSION "0.1.1"
| #define PACKAGE_STRING "libgfeed 0.1.1"
| #define PACKAGE_BUGREPORT "azagli@inwind.it"
| #define PACKAGE "libgfeed"
| #define VERSION "0.1.1"
| #define STDC_HEADERS 1
| #define HAVE_SYS_TYPES_H 1
| #define HAVE_SYS_STAT_H 1
| #define HAVE_STDLIB_H 1
| #define HAVE_STRING_H 1
| #define HAVE_MEMORY_H 1
| #define HAVE_STRINGS_H 1
| #define HAVE_INTTYPES_H 1
| #define HAVE_STDINT_H 1
| #define HAVE_UNISTD_H 1
| #define HAVE_DLFCN_H 1
| /* end confdefs.h.  */
| #include <ac_nonexistent.h>
configure:6434: result: g++ -E
configure:6463: g++ -E  conftest.cpp
configure:6469: $? = 0
configure:6507: g++ -E  conftest.cpp
conftest.cpp:21:28: fatal error: ac_nonexistent.h: No such file or directory
compilation terminated.
configure:6513: $? = 1
configure: failed program was:
| /* confdefs.h.  */
| #define PACKAGE_NAME "libgfeed"
| #define PACKAGE_TARNAME "libgfeed"
| #define PACKAGE_VERSION "0.1.1"
| #define PACKAGE_STRING "libgfeed 0.1.1"
| #define PACKAGE_BUGREPORT "azagli@inwind.it"
| #define PACKAGE "libgfeed"
| #define VERSION "0.1.1"
| #define STDC_HEADERS 1
| #define HAVE_SYS_TYPES_H 1
| #define HAVE_SYS_STAT_H 1
| #define HAVE_STDLIB_H 1
| #define HAVE_STRING_H 1
| #define HAVE_MEMORY_H 1
| #define HAVE_STRINGS_H 1
| #define HAVE_INTTYPES_H 1
| #define HAVE_STDINT_H 1
| #define HAVE_UNISTD_H 1
| #define HAVE_DLFCN_H 1
| /* end confdefs.h.  */
| #include <ac_nonexistent.h>
configure:6613: checking for g77
configure:6629: found /usr/bin/g77
configure:6640: result: g77
configure:6670: checking for Fortran 77 compiler version
configure:6677: g77 --version >&5
GNU Fortran (GCC) 4.5.2
Copyright (C) 2010 Free Software Foundation, Inc.

GNU Fortran comes with NO WARRANTY, to the extent permitted by law.
You may redistribute copies of GNU Fortran
under the terms of the GNU General Public License.
For more information about these matters, see the file named COPYING

configure:6680: $? = 0
configure:6687: g77 -v >&5
Reading specs from /usr/lib/gcc/i486-slackware-linux/4.5.2/specs
COLLECT_GCC=g77
COLLECT_LTO_WRAPPER=/usr/libexec/gcc/i486-slackware-linux/4.5.2/lto-wrapper
Target: i486-slackware-linux
Configured with: ../gcc-4.5.2/configure --prefix=/usr --libdir=/usr/lib --mandir=/usr/man --infodir=/usr/info --enable-shared --enable-bootstrap --enable-languages=ada,c,c++,fortran,java,objc,lto --enable-threads=posix --enable-checking=release --with-system-zlib --with-python-dir=/lib/python2.6/site-packages --disable-libunwind-exceptions --enable-__cxa_atexit --enable-libssp --enable-lto --with-gnu-ld --verbose --with-arch=i486 --target=i486-slackware-linux --build=i486-slackware-linux --host=i486-slackware-linux
Thread model: posix
gcc version 4.5.2 (GCC) 
configure:6690: $? = 0
configure:6697: g77 -V >&5
g77: '-V' option must have argument
configure:6700: $? = 1
configure:6708: checking whether we are using the GNU Fortran 77 compiler
configure:6727: g77 -c  conftest.F >&5
configure:6733: $? = 0
configure:6740: test -z "$ac_f77_werror_flag" || test ! -s conftest.err
configure:6743: $? = 0
configure:6750: test -s conftest.o
configure:6753: $? = 0
configure:6767: result: yes
configure:6773: checking whether g77 accepts -g
configure:6790: g77 -c -g conftest.f >&5
configure:6796: $? = 0
configure:6803: test -z "$ac_f77_werror_flag" || test ! -s conftest.err
configure:6806: $? = 0
configure:6813: test -s conftest.o
configure:6816: $? = 0
configure:6829: result: yes
configure:6859: checking the maximum length of command line arguments
configure:6968: result: 32768
configure:6979: checking command to parse /usr/bin/nm -B output from gcc object
configure:7084: gcc -c -g -O2  conftest.c >&5
configure:7087: $? = 0
configure:7091: /usr/bin/nm -B conftest.o \| sed -n -e 's/^.*[ 	]\([ABCDGIRSTW][ABCDGIRSTW]*\)[ 	][ 	]*\([_A-Za-z][_A-Za-z0-9]*\)$/\1 \2 \2/p' \> conftest.nm
configure:7094: $? = 0
configure:7146: gcc -o conftest -g -O2   conftest.c conftstm.o >&5
configure:7149: $? = 0
configure:7187: result: ok
configure:7191: checking for objdir
configure:7206: result: .libs
configure:7298: checking for ar
configure:7314: found /usr/bin/ar
configure:7325: result: ar
configure:7394: checking for ranlib
configure:7410: found /usr/bin/ranlib
configure:7421: result: ranlib
configure:7490: checking for strip
configure:7506: found /usr/bin/strip
configure:7517: result: strip
configure:7803: checking if gcc supports -fno-rtti -fno-exceptions
configure:7821: gcc -c -g -O2  -fno-rtti -fno-exceptions conftest.c >&5
cc1: warning: command line option "-fno-rtti" is valid for C++/ObjC++ but not for C
configure:7825: $? = 0
configure:7838: result: no
configure:7853: checking for gcc option to produce PIC
configure:8063: result: -fPIC
configure:8071: checking if gcc PIC flag -fPIC works
configure:8089: gcc -c -g -O2  -fPIC -DPIC conftest.c >&5
configure:8093: $? = 0
configure:8106: result: yes
configure:8134: checking if gcc static flag -static works
configure:8162: result: yes
configure:8172: checking if gcc supports -c -o file.o
configure:8193: gcc -c -g -O2  -o out/conftest2.o conftest.c >&5
configure:8197: $? = 0
configure:8219: result: yes
configure:8245: checking whether the gcc linker (/usr/i486-slackware-linux/bin/ld) supports shared libraries
configure:9232: result: yes
configure:9253: checking whether -lc should be explicitly linked in
configure:9258: gcc -c -g -O2  conftest.c >&5
configure:9261: $? = 0
configure:9276: gcc -shared conftest.o  -v -Wl,-soname -Wl,conftest -o conftest 2\>\&1 \| grep  -lc  \>/dev/null 2\>\&1
configure:9279: $? = 0
configure:9291: result: no
configure:9299: checking dynamic linker characteristics
configure:9875: result: GNU/Linux ld.so
configure:9884: checking how to hardcode library paths into programs
configure:9909: result: immediate
configure:9923: checking whether stripping libraries is possible
configure:9928: result: yes
configure:10841: checking if libtool supports shared libraries
configure:10843: result: yes
configure:10846: checking whether to build shared libraries
configure:10867: result: yes
configure:10870: checking whether to build static libraries
configure:10874: result: yes
configure:10966: creating libtool
configure:11554: checking for ld used by g++
configure:11621: result: /usr/i486-slackware-linux/bin/ld
configure:11630: checking if the linker (/usr/i486-slackware-linux/bin/ld) is GNU ld
configure:11645: result: yes
configure:11696: checking whether the g++ linker (/usr/i486-slackware-linux/bin/ld) supports shared libraries
configure:12662: result: yes
configure:12680: g++ -c -g -O2  conftest.cpp >&5
configure:12683: $? = 0
configure:12802: checking for g++ option to produce PIC
configure:13076: result: -fPIC
configure:13084: checking if g++ PIC flag -fPIC works
configure:13102: g++ -c -g -O2  -fPIC -DPIC conftest.cpp >&5
configure:13106: $? = 0
configure:13119: result: yes
configure:13147: checking if g++ static flag -static works
configure:13175: result: yes
configure:13185: checking if g++ supports -c -o file.o
configure:13206: g++ -c -g -O2  -o out/conftest2.o conftest.cpp >&5
configure:13210: $? = 0
configure:13232: result: yes
configure:13258: checking whether the g++ linker (/usr/i486-slackware-linux/bin/ld) supports shared libraries
configure:13286: result: yes
configure:13353: checking dynamic linker characteristics
configure:13929: result: GNU/Linux ld.so
configure:13938: checking how to hardcode library paths into programs
configure:13963: result: immediate
configure:14489: checking if libtool supports shared libraries
configure:14491: result: yes
configure:14494: checking whether to build shared libraries
configure:14514: result: yes
configure:14517: checking whether to build static libraries
configure:14521: result: yes
configure:14531: checking for g77 option to produce PIC
configure:14741: result: -fPIC
configure:14749: checking if g77 PIC flag -fPIC works
configure:14767: g77 -c -g -O2 -fPIC conftest.f >&5
configure:14771: $? = 0
configure:14784: result: yes
configure:14812: checking if g77 static flag -static works
configure:14840: result: yes
configure:14850: checking if g77 supports -c -o file.o
configure:14871: g77 -c -g -O2 -o out/conftest2.o conftest.f >&5
configure:14875: $? = 0
configure:14897: result: yes
configure:14923: checking whether the g77 linker (/usr/i486-slackware-linux/bin/ld) supports shared libraries
configure:15890: result: yes
configure:15957: checking dynamic linker characteristics
configure:16533: result: GNU/Linux ld.so
configure:16542: checking how to hardcode library paths into programs
configure:16567: result: immediate
configure:20292: checking for pkg-config
configure:20310: found /usr/bin/pkg-config
configure:20322: result: /usr/bin/pkg-config
configure:20351: checking pkg-config is at least version 0.9.0
configure:20354: result: yes
configure:20365: checking for GFEED
configure:20375: $PKG_CONFIG --exists --print-errors "glib-2.0 >= 2.6.0
                            gobject-2.0 >= 2.6.0
                            libxml-2.0 >= 2.6.0"
configure:20380: $? = 0
configure:20399: $PKG_CONFIG --exists --print-errors "glib-2.0 >= 2.6.0
                            gobject-2.0 >= 2.6.0
                            libxml-2.0 >= 2.6.0"
configure:20404: $? = 0
configure:20490: result: yes
configure:20501: checking for an ANSI C-conforming const
configure:20576: gcc -c -g -O2  conftest.c >&5
configure:20582: $? = 0
configure:20589: test -z "$ac_c_werror_flag" || test ! -s conftest.err
configure:20592: $? = 0
configure:20599: test -s conftest.o
configure:20602: $? = 0
configure:20614: result: yes
configure:20624: checking whether struct tm is in sys/time.h or time.h
configure:20652: gcc -c -g -O2  conftest.c >&5
configure:20658: $? = 0
configure:20665: test -z "$ac_c_werror_flag" || test ! -s conftest.err
configure:20668: $? = 0
configure:20675: test -s conftest.o
configure:20678: $? = 0
configure:20690: result: time.h
configure:20707: checking for stdlib.h
configure:20713: result: yes
configure:20871: checking for GNU libc compatible malloc
configure:20905: gcc -o conftest -g -O2   conftest.c  >&5
configure:20908: $? = 0
configure:20914: ./conftest
configure:20917: $? = 0
configure:20933: result: yes
configure:20965: checking for strftime
configure:21021: gcc -o conftest -g -O2   conftest.c  >&5
conftest.c:46:6: warning: conflicting types for built-in function 'strftime'
configure:21027: $? = 0
configure:21034: test -z "$ac_c_werror_flag" || test ! -s conftest.err
configure:21037: $? = 0
configure:21044: test -s conftest
configure:21047: $? = 0
configure:21061: result: yes
configure:21303: creating ./config.status

## ---------------------- ##
## Running config.status. ##
## ---------------------- ##

This file was extended by libgfeed config.status 0.1.1, which was
generated by GNU Autoconf 2.60a.  Invocation command line was

  CONFIG_FILES    = 
  CONFIG_HEADERS  = 
  CONFIG_LINKS    = 
  CONFIG_COMMANDS = 
  $ ./config.status 

on kite

config.status:670: creating libgfeed.pc
config.status:670: creating Makefile
config.status:670: creating src/Makefile
config.status:670: creating test/Makefile
config.status:670: creating docs/Makefile
config.status:670: creating docs/reference/Makefile
config.status:670: creating docs/reference/version.xml
config.status:670: creating config.h
config.status:940: executing depfiles commands

## ---------------- ##
## Cache variables. ##
## ---------------- ##

ac_cv_build=i686-pc-linux-gnu
ac_cv_c_compiler_gnu=yes
ac_cv_c_const=yes
ac_cv_cxx_compiler_gnu=yes
ac_cv_env_CCC_set=
ac_cv_env_CCC_value=
ac_cv_env_CC_set=
ac_cv_env_CC_value=
ac_cv_env_CFLAGS_set=
ac_cv_env_CFLAGS_value=
ac_cv_env_CPPFLAGS_set=
ac_cv_env_CPPFLAGS_value=
ac_cv_env_CPP_set=
ac_cv_env_CPP_value=
ac_cv_env_CXXCPP_set=
ac_cv_env_CXXCPP_value=
ac_cv_env_CXXFLAGS_set=
ac_cv_env_CXXFLAGS_value=
ac_cv_env_CXX_set=
ac_cv_env_CXX_value=
ac_cv_env_F77_set=
ac_cv_env_F77_value=
ac_cv_env_FFLAGS_set=
ac_cv_env_FFLAGS_value=
ac_cv_env_GFEED_CFLAGS_set=
ac_cv_env_GFEED_CFLAGS_value=
ac_cv_env_GFEED_LIBS_set=
ac_cv_env_GFEED_LIBS_value=
ac_cv_env_LDFLAGS_set=
ac_cv_env_LDFLAGS_value=
ac_cv_env_PKG_CONFIG_set=
ac_cv_env_PKG_CONFIG_value=
ac_cv_env_build_alias_set=
ac_cv_env_build_alias_value=
ac_cv_env_host_alias_set=
ac_cv_env_host_alias_value=
ac_cv_env_target_alias_set=
ac_cv_env_target_alias_value=
ac_cv_f77_compiler_gnu=yes
ac_cv_func_malloc_0_nonnull=yes
ac_cv_func_strftime=yes
ac_cv_header_dlfcn_h=yes
ac_cv_header_inttypes_h=yes
ac_cv_header_memory_h=yes
ac_cv_header_stdc=yes
ac_cv_header_stdint_h=yes
ac_cv_header_stdlib_h=yes
ac_cv_header_string_h=yes
ac_cv_header_strings_h=yes
ac_cv_header_sys_stat_h=yes
ac_cv_header_sys_types_h=yes
ac_cv_header_unistd_h=yes
ac_cv_host=i686-pc-linux-gnu
ac_cv_objext=o
ac_cv_path_EGREP='/usr/bin/grep -E'
ac_cv_path_GREP=/usr/bin/grep
ac_cv_path_ac_pt_PKG_CONFIG=/usr/bin/pkg-config
ac_cv_path_install='/usr/bin/ginstall -c'
ac_cv_prog_AWK=gawk
ac_cv_prog_CPP='gcc -E'
ac_cv_prog_CXXCPP='g++ -E'
ac_cv_prog_ac_ct_AR=ar
ac_cv_prog_ac_ct_CC=gcc
ac_cv_prog_ac_ct_CXX=g++
ac_cv_prog_ac_ct_F77=g77
ac_cv_prog_ac_ct_RANLIB=ranlib
ac_cv_prog_ac_ct_STRIP=strip
ac_cv_prog_cc_c89=
ac_cv_prog_cc_g=yes
ac_cv_prog_cxx_g=yes
ac_cv_prog_f77_g=yes
ac_cv_prog_make_make_set=yes
ac_cv_struct_tm=time.h
ac_cv_target=i686-pc-linux-gnu
am_cv_CC_dependencies_compiler_type=gcc3
am_cv_CXX_dependencies_compiler_type=gcc3
lt_cv_deplibs_check_method=pass_all
lt_cv_file_magic_cmd='$MAGIC_CMD'
lt_cv_file_magic_test_file=
lt_cv_ld_reload_flag=-r
lt_cv_objdir=.libs
lt_cv_path_LD=/usr/i486-slackware-linux/bin/ld
lt_cv_path_LDCXX=/usr/i486-slackware-linux/bin/ld
lt_cv_path_NM='/usr/bin/nm -B'
lt_cv_path_SED=/usr/bin/sed
lt_cv_prog_compiler_c_o=yes
lt_cv_prog_compiler_c_o_CXX=yes
lt_cv_prog_compiler_c_o_F77=yes
lt_cv_prog_compiler_rtti_exceptions=no
lt_cv_prog_gnu_ld=yes
lt_cv_prog_gnu_ldcxx=yes
lt_cv_sys_global_symbol_pipe='sed -n -e '\''s/^.*[ 	]\([ABCDGIRSTW][ABCDGIRSTW]*\)[ 	][ 	]*\([_A-Za-z][_A-Za-z0-9]*\)$/\1 \2 \2/p'\'''
lt_cv_sys_global_symbol_to_c_name_address='sed -n -e '\''s/^: \([^ ]*\) $/  {\"\1\", (lt_ptr) 0},/p'\'' -e '\''s/^[BCDEGRST] \([^ ]*\) \([^ ]*\)$/  {"\2", (lt_ptr) \&\2},/p'\'''
lt_cv_sys_global_symbol_to_cdecl='sed -n -e '\''s/^. .* \(.*\)$/extern int \1;/p'\'''
lt_cv_sys_max_cmd_len=32768
lt_lt_cv_prog_compiler_c_o='"yes"'
lt_lt_cv_prog_compiler_c_o_CXX='"yes"'
lt_lt_cv_prog_compiler_c_o_F77='"yes"'
lt_lt_cv_sys_global_symbol_pipe='"sed -n -e '\''s/^.*[ 	]\\([ABCDGIRSTW][ABCDGIRSTW]*\\)[ 	][ 	]*\\([_A-Za-z][_A-Za-z0-9]*\\)\$/\\1 \\2 \\2/p'\''"'
lt_lt_cv_sys_global_symbol_to_c_name_address='"sed -n -e '\''s/^: \\([^ ]*\\) \$/  {\\\"\\1\\\", (lt_ptr) 0},/p'\'' -e '\''s/^[BCDEGRST] \\([^ ]*\\) \\([^ ]*\\)\$/  {\"\\2\", (lt_ptr) \\&\\2},/p'\''"'
lt_lt_cv_sys_global_symbol_to_cdecl='"sed -n -e '\''s/^. .* \\(.*\\)\$/extern int \\1;/p'\''"'
pkg_cv_GFEED_CFLAGS='-pthread -I/usr/include/glib-2.0 -I/usr/lib/glib-2.0/include -I/usr/include/libxml2  '
pkg_cv_GFEED_LIBS='-pthread -lgobject-2.0 -lgthread-2.0 -lrt -lglib-2.0 -lxml2  '

## ----------------- ##
## Output variables. ##
## ----------------- ##

ACLOCAL='${SHELL} /work/mikaex/libgfeed-0.1.1/missing --run aclocal-1.9'
AMDEPBACKSLASH='\'
AMDEP_FALSE='#'
AMDEP_TRUE=''
AMTAR='${SHELL} /work/mikaex/libgfeed-0.1.1/missing --run tar'
AR='ar'
AS='as'
AUTOCONF='${SHELL} /work/mikaex/libgfeed-0.1.1/missing --run autoconf'
AUTOHEADER='${SHELL} /work/mikaex/libgfeed-0.1.1/missing --run autoheader'
AUTOMAKE='${SHELL} /work/mikaex/libgfeed-0.1.1/missing --run automake-1.9'
AWK='gawk'
CC='gcc'
CCDEPMODE='depmode=gcc3'
CFLAGS='-g -O2'
CPP='gcc -E'
CPPFLAGS=''
CXX='g++'
CXXCPP='g++ -E'
CXXDEPMODE='depmode=gcc3'
CXXFLAGS='-g -O2'
CYGPATH_W='echo'
DEFS='-DHAVE_CONFIG_H'
DEPDIR='.deps'
DLLTOOL='dlltool'
ECHO='echo'
ECHO_C=''
ECHO_N='-n'
ECHO_T=''
EGREP='/usr/bin/grep -E'
ENABLE_GTK_DOC_FALSE=''
ENABLE_GTK_DOC_TRUE='#'
EXEEXT=''
F77='g77'
FFLAGS='-g -O2'
GFEED_CFLAGS='-pthread -I/usr/include/glib-2.0 -I/usr/lib/glib-2.0/include -I/usr/include/libxml2  '
GFEED_LIBS='-pthread -lgobject-2.0 -lgthread-2.0 -lrt -lglib-2.0 -lxml2  '
GREP='/usr/bin/grep'
GTK_DOC_USE_LIBTOOL_FALSE='#'
GTK_DOC_USE_LIBTOOL_TRUE=''
HTML_DIR='${datadir}/gtk-doc/html'
INSTALL_DATA='${INSTALL} -m 644'
INSTALL_PROGRAM='${INSTALL}'
INSTALL_SCRIPT='${INSTALL}'
INSTALL_STRIP_PROGRAM='${SHELL} $(install_sh) -c -s'
LDFLAGS=''
LIBOBJS=''
LIBS=''
LIBTOOL='$(SHELL) $(top_builddir)/libtool'
LN_S='ln -s'
LTLIBOBJS=''
MAINT='#'
MAINTAINER_MODE_FALSE=''
MAINTAINER_MODE_TRUE='#'
MAKEINFO='${SHELL} /work/mikaex/libgfeed-0.1.1/missing --run makeinfo'
OBJDUMP='objdump'
OBJEXT='o'
PACKAGE='libgfeed'
PACKAGE_BUGREPORT='azagli@inwind.it'
PACKAGE_NAME='libgfeed'
PACKAGE_STRING='libgfeed 0.1.1'
PACKAGE_TARNAME='libgfeed'
PACKAGE_VERSION='0.1.1'
PATH_SEPARATOR=':'
PKG_CONFIG='/usr/bin/pkg-config'
RANLIB='ranlib'
SET_MAKE=''
SHELL='/bin/sh'
STRIP='strip'
VERSION='0.1.1'
ac_ct_CC='gcc'
ac_ct_CXX='g++'
ac_ct_F77='g77'
am__fastdepCC_FALSE='#'
am__fastdepCC_TRUE=''
am__fastdepCXX_FALSE='#'
am__fastdepCXX_TRUE=''
am__include='include'
am__leading_dot='.'
am__quote=''
am__tar='${AMTAR} chof - "$$tardir"'
am__untar='${AMTAR} xf -'
bindir='${exec_prefix}/bin'
build='i686-pc-linux-gnu'
build_alias=''
build_cpu='i686'
build_os='linux-gnu'
build_vendor='pc'
datadir='${datarootdir}'
datarootdir='${prefix}/share'
docdir='${datarootdir}/doc/${PACKAGE_TARNAME}'
dvidir='${docdir}'
exec_prefix='${prefix}'
host='i686-pc-linux-gnu'
host_alias=''
host_cpu='i686'
host_os='linux-gnu'
host_vendor='pc'
htmldir='${docdir}'
includedir='${prefix}/include'
infodir='${datarootdir}/info'
install_sh='/work/mikaex/libgfeed-0.1.1/install-sh'
libdir='${exec_prefix}/lib'
libexecdir='${exec_prefix}/libexec'
localedir='${datarootdir}/locale'
localstatedir='${prefix}/var'
mandir='${datarootdir}/man'
mkdir_p='mkdir -p --'
oldincludedir='/usr/include'
pdfdir='${docdir}'
prefix='/usr/local'
program_transform_name='s,x,x,'
psdir='${docdir}'
sbindir='${exec_prefix}/sbin'
sharedstatedir='${prefix}/com'
sysconfdir='${prefix}/etc'
target='i686-pc-linux-gnu'
target_alias=''
target_cpu='i686'
target_os='linux-gnu'
target_vendor='pc'

## ----------- ##
## confdefs.h. ##
## ----------- ##

#define PACKAGE_NAME "libgfeed"
#define PACKAGE_TARNAME "libgfeed"
#define PACKAGE_VERSION "0.1.1"
#define PACKAGE_STRING "libgfeed 0.1.1"
#define PACKAGE_BUGREPORT "azagli@inwind.it"
#define PACKAGE "libgfeed"
#define VERSION "0.1.1"
#define STDC_HEADERS 1
#define HAVE_SYS_TYPES_H 1
#define HAVE_SYS_STAT_H 1
#define HAVE_STDLIB_H 1
#define HAVE_STRING_H 1
#define HAVE_MEMORY_H 1
#define HAVE_STRINGS_H 1
#define HAVE_INTTYPES_H 1
#define HAVE_STDINT_H 1
#define HAVE_UNISTD_H 1
#define HAVE_DLFCN_H 1
#define HAVE_STDLIB_H 1
#define HAVE_MALLOC 1
#define HAVE_STRFTIME 1

configure: exit 0
