activity.o
activityObject.o
agg.o
agg_arc.o
agg_arrowhead.o
agg_bezier_arc.o
agg_bspline.o
agg_curves.o
agg_embedded_raster_fonts.o
agg_font_freetype.o
agg_gsv_text.o
agg_image_filters.o
agg_line_aa_basics.o
agg_line_profile_aa.o
agg_rounded_rect.o
agg_sqrt_tables.o
agg_trans_affine.o
agg_trans_double_path.o
agg_trans_single_path.o
agg_trans_warp_magnifier.o
agg_vcgen_bspline.o
agg_vcgen_contour.o
agg_vcgen_dash.o
agg_vcgen_markers_term.o
agg_vcgen_smooth_poly1.o
agg_vcgen_stroke.o
agg_vpgen_clip_polygon.o
agg_vpgen_clip_polyline.o
agg_vpgen_segmentator.o
api.o
app.o
backplane.o
base64.o
basepic.o
basic.o
canvas.o
canvasDataModel.o
cdjpeg.o
ckconfig.o
config.o
connectionWatchdog.o
csv.o
custom.o
djpeg.o
editable.o
frame.o
ftadvanc.o
ftapi.o
ftbase.o
ftbbox.o
ftbdf.o
ftbitmap.o
ftcalc.o
ftcid.o
ftdbgmem.o
ftdebug.o
ftfstype.o
ftgasp.o
ftgloadr.o
ftglyph.o
ftgxval.o
ftinit.o
ftlcdfil.o
ftmm.o
ftobjs.o
ftotval.o
ftoutln.o
ftpatent.o
ftpfr.o
ftpic.o
ftraster.o
ftrend1.o
ftrfork.o
ftsnames.o
ftstream.o
ftstroke.o
ftsynth.o
ftsystem.o
fttrigon.o
fttype1.o
ftutil.o
ftwinfnt.o
global.o
gui.o
guiBounds.o
guiEventLoop.o
guiMain.o
guimsg.o
guirelay.o
interface.o
jaricom.o
jcapimin.o
jcapistd.o
jcarith.o
jccoefct.o
jccolor.o
jcdctmgr.o
jchuff.o
jcinit.o
jcmainct.o
jcmarker.o
jcmaster.o
jcomapi.o
jcparam.o
jcprepct.o
jcsample.o
jctrans.o
jdapimin.o
jdapistd.o
jdarith.o
jdatadst.o
jdatasrc.o
jdcoefct.o
jdcolor.o
jddctmgr.o
jdhuff.o
jdinput.o
jdmainct.o
jdmarker.o
jdmaster.o
jdmerge.o
jdpostct.o
jdsample.o
jdtrans.o
jerror.o
jfdctflt.o
jfdctfst.o
jfdctint.o
jidctflt.o
jidctfst.o
jidctint.o
jmemansi.o
jmemmgr.o
jmemnobs.o
jpegtran.o
jquant1.o
jquant2.o
jutils.o
keyboard.o
langSetup.o
layout.o
listbox.o
listboxItem.o
lowdraw.o
menu.o
messaging.o
mikaApp.o
mikaApps.o
mikaCe.o
mikaCeNetwork.o
mikaCeObject.o
mikaCeParcel.o
mikaConfig.o
mikaEvent.o
mikaIcon.o
mikaListbox.o
mikaMessage.o
mikaMpDesktopServer.o
mikaMpSched.o
mikaMpSetup.o
mikaMpWindowClient.o
mikaMpWindowClientMain.o
mikaNetCurl.o
mikaNetRequest.o
mikaNetServer.o
mikaNetServerTest.o
mikaPBO.o
mikaPosClient.o
mikaRss.o
mikaSerial.o
mikaSkin.o
mikaSockets.o
mikaUID.o
mikaWF.o
mikaWFWidget.o
mikaWFWindow.o
mikaWatchdog.o
networkSetup.o
os.o
panel.o
player.o
posSetup.o
posapp.o
raster.o
rastpic.o
rootActivity.o
rootController.o
rootControllerSync.o
rootControllerWatchdog.o
rootDraw.o
rootEvents.o
rootModules.o
rootPointer.o
rootScheduller.o
rootSectors.o
rootStress.o
rootWm.o
rootWmInterface.o
rss.o
setupParser.o
simple.o
slidebar.o
sys.o
system.o
systemip.o
text.o
tinystr.o
tinyxml.o
tinyxmlerror.o
tinyxmlparser.o
truetype.o
ttdriver.o
ttgload.o
ttgxvar.o
ttinterp.o
ttobjs.o
ttpic.o
ttpload.o
window.o
wm.o
xipc.o
xml.o
xmlsetup.o
